[02:09:18] [ServerMain/INFO]: [bootstrap] Running Java 21 (OpenJDK 64-Bit Server VM 21.0.6+7-Ubuntu-120.04.1; Ubuntu null) on Linux 6.8.0-1021-azure (amd64)
[02:09:18] [ServerMain/INFO]: [bootstrap] Loading Paper 1.21.1-57-master@b483da4 (2024-09-01T18:09:05Z) for Minecraft 1.21.1
[02:09:18] [ServerMain/INFO]: [PluginInitializerManager] Initializing plugins...
[02:09:20] [ServerMain/INFO]: [PluginInitializerManager] Initialized 6 plugins
[02:09:20] [ServerMain/INFO]: [PluginInitializerManager] Bukkit plugins (6):
 - Essentials (2.21.0), GSit (2.2.1), LuckPerms (5.4.158), ProtectionStones (2.10.5), SimpleSilkSpawner (1.02), SkinsRestorer (15.6.1)
[02:09:26] [ServerMain/INFO]: Environment: Environment[sessionHost=https://sessionserver.mojang.com, servicesHost=https://api.minecraftservices.com, name=PROD]
[02:09:28] [ServerMain/INFO]: Loaded 1290 recipes
[02:09:28] [ServerMain/INFO]: Loaded 1399 advancements
[02:09:28] [Server thread/INFO]: Starting minecraft server version 1.21.1
[02:09:28] [Server thread/INFO]: Loading properties
[02:09:28] [Server thread/INFO]: This server is running Paper version 1.21.1-57-master@b483da4 (2024-09-01T18:09:05Z) (Implementing API version 1.21.1-R0.1-SNAPSHOT)
[02:09:29] [Server thread/INFO]: [spark] This server bundles the spark profiler. For more information please visit https://docs.papermc.io/paper/profiling
[02:09:29] [Server thread/INFO]: Server Ping Player Sample Count: 12
[02:09:30] [Server thread/INFO]: Using 4 threads for Netty based IO
[02:09:30] [Server thread/INFO]: [ChunkTaskScheduler] Chunk system is using 1 I/O threads, 1 worker threads, and population gen parallelism of 1 threads
[02:09:31] [Server thread/INFO]: Default game type: SURVIVAL
[02:09:31] [Server thread/INFO]: Generating keypair
[02:09:31] [Server thread/INFO]: Starting Minecraft server on *:25565
[02:09:31] [Server thread/INFO]: Using epoll channel type
[02:09:31] [Server thread/INFO]: Paper: Using libdeflate (Linux x86_64) compression from Velocity.
[02:09:31] [Server thread/INFO]: Paper: Using OpenSSL 1.1.x (Linux x86_64) cipher from Velocity.
[02:09:31] [Server thread/ERROR]: [ModernPluginLoadingStrategy] Could not load 'plugins/.paper-remapped/ProtectionStones-2.10.5.jar' in 'plugins/.paper-remapped'
org.bukkit.plugin.UnknownDependencyException: Unknown/missing dependency plugins: [WorldGuard, WorldEdit]. Please download and install these plugins to run 'ProtectionStones'.
	at io.papermc.paper.plugin.entrypoint.strategy.modern.ModernPluginLoadingStrategy.loadProviders(ModernPluginLoadingStrategy.java:82) ~[paper-1.21.1.jar:1.21.1-57-b483da4]
	at io.papermc.paper.plugin.storage.SimpleProviderStorage.enter(SimpleProviderStorage.java:38) ~[paper-1.21.1.jar:1.21.1-57-b483da4]
	at io.papermc.paper.plugin.entrypoint.LaunchEntryPointHandler.enter(LaunchEntryPointHandler.java:40) ~[paper-1.21.1.jar:1.21.1-57-b483da4]
	at org.bukkit.craftbukkit.CraftServer.loadPlugins(CraftServer.java:546) ~[paper-1.21.1.jar:1.21.1-57-b483da4]
	at net.minecraft.server.dedicated.DedicatedServer.initServer(DedicatedServer.java:292) ~[paper-1.21.1.jar:1.21.1-57-b483da4]
	at net.minecraft.server.MinecraftServer.runServer(MinecraftServer.java:1215) ~[paper-1.21.1.jar:1.21.1-57-b483da4]
	at net.minecraft.server.MinecraftServer.lambda$spin$0(MinecraftServer.java:330) ~[paper-1.21.1.jar:1.21.1-57-b483da4]
	at java.base/java.lang.Thread.run(Thread.java:1583) ~[?:?]
[02:09:31] [Server thread/INFO]: [LuckPerms] Loading server plugin LuckPerms v5.4.158
[02:09:32] [Server thread/INFO]: [Essentials] Loading server plugin Essentials v2.21.0
[02:09:32] [Server thread/INFO]: [SkinsRestorer] Loading server plugin SkinsRestorer v15.6.1
[02:09:32] [Server thread/INFO]: [GSit] Loading server plugin GSit v2.2.1
[02:09:32] [Server thread/INFO]: [SimpleSilkSpawner] Loading server plugin SimpleSilkSpawner v1.02
[02:09:32] [Server thread/INFO]: Server permissions file permissions.yml is empty, ignoring it
[02:09:32] [Server thread/INFO]: [LuckPerms] Enabling LuckPerms v5.4.158
[02:09:34] [Server thread/INFO]:         __    
[02:09:34] [Server thread/INFO]:   |    |__)   LuckPerms v5.4.158
[02:09:34] [Server thread/INFO]:   |___ |      Running on Bukkit - Paper
[02:09:34] [Server thread/INFO]: 
[02:09:34] [Server thread/INFO]: [LuckPerms] Loading configuration...
[02:09:34] [Server thread/INFO]: [LuckPerms] Loading storage provider... [H2]
[02:09:35] [Server thread/INFO]: [LuckPerms] Loading internal permission managers...
[02:09:36] [Server thread/INFO]: [LuckPerms] Performing initial data load...
[02:09:36] [Server thread/INFO]: [LuckPerms] Successfully enabled. (took 3528ms)
[02:09:36] [Server thread/INFO]: [SkinsRestorer] Enabling SkinsRestorer v15.6.1
[02:09:38] [Server thread/WARN]: [SkinsRestorer] You must agree to the rules at 'commands.perSkinPermissionsConsent' in the config to use per skin permissions.
[02:09:39] [Server thread/INFO]: [SkinsRestorer] Running on Minecraft 1.21.1.
[02:09:40] [Server thread/INFO]: [SkinsRestorer] Using paper join listener!
[02:09:40] [Server thread/WARN]: **** SERVER IS RUNNING IN OFFLINE/INSECURE MODE!
[02:09:40] [Server thread/WARN]: The server will make no attempt to authenticate usernames. Beware.
[02:09:40] [Server thread/WARN]: While this makes the game possible to play without internet access, it also opens up the ability for hackers to connect with any username they choose.
[02:09:40] [Server thread/WARN]: To change this, set "online-mode" to "true" in the server.properties file.
[02:09:40] [Server thread/INFO]: Preparing level "world"
[02:09:40] [Folia Async Scheduler Thread #1/INFO]: [SkinsRestorer] ----------------------------------------------
[02:09:40] [Folia Async Scheduler Thread #1/INFO]: [SkinsRestorer]     +==================+
[02:09:40] [Folia Async Scheduler Thread #1/INFO]: [SkinsRestorer]     |   SkinsRestorer  |
[02:09:40] [Folia Async Scheduler Thread #1/INFO]: [SkinsRestorer]     |------------------|
[02:09:40] [Folia Async Scheduler Thread #1/INFO]: [SkinsRestorer]     |  Standalone Mode |
[02:09:40] [Folia Async Scheduler Thread #1/INFO]: [SkinsRestorer]     +==================+
[02:09:40] [Folia Async Scheduler Thread #1/INFO]: [SkinsRestorer] ----------------------------------------------
[02:09:40] [Folia Async Scheduler Thread #1/INFO]: [SkinsRestorer]     Version: 15.6.1
[02:09:40] [Folia Async Scheduler Thread #1/INFO]: [SkinsRestorer]     Commit: 8687003
[02:09:40] [Folia Async Scheduler Thread #1/INFO]: [SkinsRestorer]     This is the latest version!
[02:09:40] [Folia Async Scheduler Thread #1/INFO]: [SkinsRestorer] ----------------------------------------------
[02:09:40] [Folia Async Scheduler Thread #1/INFO]: [SkinsRestorer] Do you have issues? Read our troubleshooting guide: https://skinsrestorer.net/docs/troubleshooting
[02:09:40] [Folia Async Scheduler Thread #1/INFO]: [SkinsRestorer] Want to support SkinsRestorer? Consider donating: https://skinsrestorer.net/donate
[02:09:41] [Server thread/INFO]: Preparing start region for dimension minecraft:overworld
[02:09:43] [Server thread/INFO]: Time elapsed: 1839 ms
[02:09:43] [Server thread/INFO]: Preparing start region for dimension minecraft:the_nether
[02:09:43] [Server thread/INFO]: Time elapsed: 541 ms
[02:09:43] [Server thread/INFO]: Preparing start region for dimension minecraft:the_end
[02:09:43] [Server thread/INFO]: Time elapsed: 281 ms
[02:09:43] [Server thread/INFO]: [Essentials] Enabling Essentials v2.21.0
[02:09:45] [Server thread/ERROR]: [Essentials] You are running an unsupported server version!
[02:09:45] [Server thread/INFO]: [Essentials] Attempting to convert old kits in config.yml to new kits.yml
[02:09:45] [Server thread/INFO]: [Essentials] No kits found to migrate.
[02:09:46] [Server thread/INFO]: [Essentials] Selected Paper Biome Key Provider as the provider for BiomeKeyProvider
[02:09:46] [Server thread/INFO]: [Essentials] Selected 1.14.4+ Persistent Data Container Provider as the provider for PersistentDataProvider
[02:09:46] [Server thread/INFO]: [Essentials] Selected Paper Known Commands Provider as the provider for KnownCommandsProvider
[02:09:46] [Server thread/INFO]: [Essentials] Selected 1.8.3+ Spawner Item Provider as the provider for SpawnerItemProvider
[02:09:46] [Server thread/INFO]: [Essentials] Selected 1.17.1+ World Info Provider as the provider for WorldInfoProvider
[02:09:46] [Server thread/INFO]: [Essentials] Selected 1.12.2+ Player Locale Provider as the provider for PlayerLocaleProvider
[02:09:46] [Server thread/INFO]: [Essentials] Selected Reflection Sync Commands Provider as the provider for SyncCommandsProvider
[02:09:46] [Server thread/INFO]: [Essentials] Selected 1.20.4+ Damage Event Provider as the provider for DamageEventProvider
[02:09:46] [Server thread/INFO]: [Essentials] Selected 1.20.6+ Potion Meta Provider as the provider for PotionMetaProvider
[02:09:46] [Server thread/INFO]: [Essentials] Selected 1.21+ InventoryView Interface ABI Provider as the provider for InventoryViewProvider
[02:09:46] [Server thread/INFO]: [Essentials] Selected 1.20.5+ Banner Data Provider as the provider for BannerDataProvider
[02:09:46] [Server thread/INFO]: [Essentials] Selected 1.12+ Spawner Block Provider as the provider for SpawnerBlockProvider
[02:09:46] [Server thread/INFO]: [Essentials] Selected Paper Tick Count Provider as the provider for TickCountProvider
[02:09:46] [Server thread/INFO]: [Essentials] Selected 1.11+ Item Unbreakable Provider as the provider for ItemUnbreakableProvider
[02:09:46] [Server thread/INFO]: [Essentials] Selected 1.13+ Spawn Egg Provider as the provider for SpawnEggProvider
[02:09:46] [Server thread/INFO]: [Essentials] Selected Paper Material Tag Provider as the provider for MaterialTagProvider
[02:09:46] [Server thread/INFO]: [Essentials] Selected 1.14+ Sign Data Provider as the provider for SignDataProvider
[02:09:46] [Server thread/INFO]: [Essentials] Selected Reflection Online Mode Provider as the provider for OnlineModeProvider
[02:09:46] [Server thread/INFO]: [Essentials] Selected Reflection Formatted Command Alias Provider as the provider for FormattedCommandAliasProvider
[02:09:46] [Server thread/INFO]: [Essentials] Selected Paper Container Provider as the provider for ContainerProvider
[02:09:46] [Server thread/INFO]: [Essentials] Selected Paper Serialization Provider as the provider for SerializationProvider
[02:09:46] [Server thread/INFO]: [Essentials] Selected Paper Server State Provider as the provider for ServerStateProvider
[02:09:46] [Server thread/INFO]: [Essentials] Loaded 43465 items from items.json.
[02:09:46] [Server thread/INFO]: [Essentials] Using locale en
[02:09:47] [Server thread/INFO]: [Essentials] ServerListPingEvent: Spigot iterator API
[02:09:47] [Server thread/INFO]: [Essentials] Starting Metrics. Opt-out using the global bStats config.
[02:09:47] [Server thread/WARN]: [Essentials] Detected supported permissions plugin LuckPerms without Vault installed.
[02:09:47] [Server thread/WARN]: [Essentials] Features such as chat prefixes/suffixes and group-related functionality will not work until you install Vault.
[02:09:47] [Server thread/INFO]: [Essentials] Using superperms-based permissions.
[02:09:47] [Server thread/INFO]: [GSit] Enabling GSit v2.2.1
[02:09:47] [Server thread/INFO]: [GSit] The plugin was successfully enabled.
[02:09:47] [Server thread/INFO]: [SimpleSilkSpawner] Enabling SimpleSilkSpawner v1.02
[02:09:47] [Server thread/INFO]: [SimpleSilkSpawner] Java Runtime: 21.0.6 (Ubuntu)
[02:09:47] [Server thread/INFO]: [SimpleSilkSpawner] Java VM: OpenJDK 64-Bit Server VM
[02:09:47] [Server thread/INFO]: [SimpleSilkSpawner] Java Major Version: 21
[02:09:47] [Server thread/WARN]: [SimpleSilkSpawner] NMS Handler non trovato per la versione: craftbukkit
[02:09:47] [Server thread/WARN]: [SimpleSilkSpawner] Utilizzo dell'implementazione generica, che dovrebbe funzionare con la maggior parte delle versioni moderne.
[02:09:47] [Server thread/INFO]: [SimpleSilkSpawner] SilkTouch Spawner functionality enabled!
[02:09:47] [Server thread/INFO]: [SimpleSilkSpawner] SimpleSilkSpawner has been enabled!
[02:09:47] [Server thread/INFO]: [spark] Starting background profiler...
[02:09:48] [Server thread/INFO]: Done preparing level "world" (7.606s)
[02:09:48] [Server thread/INFO]: Running delayed init tasks
[02:09:48] [Craft Scheduler Thread - 3 - Essentials/INFO]: [Essentials] Fetching version information...
[02:09:48] [Server thread/INFO]: Done (32.788s)! For help, type "help"
[02:09:48] [Server thread/INFO]: Timings Reset
[02:09:52] [User Authenticator #0/INFO]: UUID of player NunDRK is 15ff9384-b122-363e-b25a-3940a2e85d8f
[02:09:53] [Server thread/INFO]: NunDRK joined the game
[02:09:54] [Server thread/INFO]: NunDRK[/127.204.205.157:53027] logged in with entity id 18 at ([world]-2981.834234020115, 63.0, 2734.6545430603715)
[02:26:34] [Server thread/INFO]: Made NunDRK a server operator
[02:26:50] [Server thread/INFO]: NunDRK issued server command: /gamemode creative
[02:27:17] [Server thread/INFO]: NunDRK issued server command: /gamemode survival
[02:27:20] [Server thread/INFO]: NunDRK issued server command: /deop NunDRK
[02:27:20] [Server thread/INFO]: [NunDRK: Made NunDRK no longer a server operator]
